<?xml version="1.0" encoding="UTF-8"?>
<testsuite xmlns:xsi="http://www.w3.org/2001/XMLSchema-instance" xsi:noNamespaceSchemaLocation="https://maven.apache.org/surefire/maven-surefire-plugin/xsd/surefire-test-report.xsd" name="com.lxy.mall.service.impl.UserServiceImplTest" time="2.734" tests="2" errors="0" skipped="0" failures="0">
  <properties>
[...]
</properties>
  <testcase name="login" classname="com.lxy.mall.service.impl.UserServiceImplTest" time="1.136"/>
  <testcase name="load" classname="com.lxy.mall.service.impl.UserServiceImplTest" time="1.513"/>
</testsuite>